<?xml version="1.0" encoding="UTF-8"?>
<testng-results skipped="0" failed="0" ignored="0" total="1" passed="1">
  <reporter-output>
  </reporter-output>
  <suite name="Suite" duration-ms="108012" started-at="2018-02-07T11:34:33Z" finished-at="2018-02-07T11:36:21Z">
    <groups>
    </groups>
    <test name="Test" duration-ms="108012" started-at="2018-02-07T11:34:33Z" finished-at="2018-02-07T11:36:21Z">
      <class name="com.hashworks.testing.SeliniumJenkins.FacebookTest">
        <test-method status="PASS" signature="testStart()[pri:0, instance:com.hashworks.testing.SeliniumJenkins.FacebookTest@3d8c7aca]" name="testStart" is-config="true" duration-ms="1710" started-at="2018-02-07T17:04:33Z" finished-at="2018-02-07T17:04:35Z">
          <reporter-output>
          </reporter-output>
        </test-method> <!-- testStart -->
        <test-method status="PASS" signature="testFacebook()[pri:0, instance:com.hashworks.testing.SeliniumJenkins.FacebookTest@3d8c7aca]" name="testFacebook" duration-ms="106163" started-at="2018-02-07T17:04:35Z" finished-at="2018-02-07T17:06:21Z">
          <reporter-output>
          </reporter-output>
        </test-method> <!-- testFacebook -->
        <test-method status="PASS" signature="close()[pri:0, instance:com.hashworks.testing.SeliniumJenkins.FacebookTest@3d8c7aca]" name="close" is-config="true" duration-ms="72" started-at="2018-02-07T17:06:21Z" finished-at="2018-02-07T17:06:21Z">
          <reporter-output>
          </reporter-output>
        </test-method> <!-- close -->
      </class> <!-- com.hashworks.testing.SeliniumJenkins.FacebookTest -->
    </test> <!-- Test -->
  </suite> <!-- Suite -->
</testng-results>
